0 verbose cli [
0 verbose cli   'C:\\Program Files\\nodejs\\node.exe',
0 verbose cli   'C:\\Program Files\\nodejs\\node_modules\\npm\\bin\\npm-cli.js',
0 verbose cli   'start',
0 verbose cli   '--cache',
0 verbose cli   'reset'
0 verbose cli ]
1 info using npm@8.5.1
2 info using node@v17.6.0
3 timing npm:load:whichnode Completed in 0ms
4 timing config:load:defaults Completed in 1ms
5 timing config:load:file:C:\Program Files\nodejs\node_modules\npm\npmrc Completed in 9ms
6 timing config:load:builtin Completed in 9ms
7 timing config:load:cli Completed in 2ms
8 timing config:load:env Completed in 0ms
9 timing config:load:file:D:\HeresaysAdmin\heresaysNewAdmin\.npmrc Completed in 0ms
10 timing config:load:project Completed in 2ms
11 timing config:load:file:C:\Users\Batas subhankar\.npmrc Completed in 0ms
12 timing config:load:user Completed in 0ms
13 timing config:load:file:C:\Users\Batas subhankar\AppData\Roaming\npm\etc\npmrc Completed in 0ms
14 timing config:load:global Completed in 1ms
15 timing config:load:validate Completed in 0ms
16 timing config:load:credentials Completed in 1ms
17 timing config:load:setEnvs Completed in 1ms
18 timing config:load Completed in 17ms
19 timing npm:load:configload Completed in 17ms
20 timing npm:load:setTitle Completed in 0ms
21 timing config:load:flatten Completed in 4ms
22 timing npm:load:display Completed in 5ms
23 verbose logfile D:\HeresaysAdmin\heresaysNewAdmin\reset\_logs\2022-05-18T09_06_12_340Z-debug-0.log
24 timing npm:load:logFile Completed in 23ms
25 timing npm:load:timers Completed in 0ms
26 timing npm:load:configScope Completed in 0ms
27 timing npm:load Completed in 46ms
28 timing command:run-script Completed in 610517ms
29 timing command:start Completed in 610542ms
30 notice
30 notice New [33mminor[39m version of npm available! [31m8.5.1[39m -> [32m8.10.0[39m
30 notice Changelog: [36mhttps://github.com/npm/cli/releases/tag/v8.10.0[39m
30 notice Run [32mnpm install -g npm@8.10.0[39m to update!
30 notice
31 verbose exit 3221225786
32 timing npm Completed in 610817ms
33 verbose code 3221225786
